DEBUG 2024-11-20 14:47:23,435 retry Converted retries value: 2 -> Retry(total=2, connect=None, read=None, redirect=None, status=None)
DEBUG 2024-11-20 14:47:23,435 retry Converted retries value: 2 -> Retry(total=2, connect=None, read=None, redirect=None, status=None)
DEBUG 2024-11-20 14:47:23,453 retry Converted retries value: 2 -> Retry(total=2, connect=None, read=None, redirect=None, status=None)
DEBUG 2024-11-20 14:47:23,453 retry Converted retries value: 2 -> Retry(total=2, connect=None, read=None, redirect=None, status=None)
DEBUG 2024-11-20 14:48:39,650 retry Converted retries value: 2 -> Retry(total=2, connect=None, read=None, redirect=None, status=None)
DEBUG 2024-11-20 14:48:39,651 retry Converted retries value: 2 -> Retry(total=2, connect=None, read=None, redirect=None, status=None)
DEBUG 2024-11-20 14:48:39,667 retry Converted retries value: 2 -> Retry(total=2, connect=None, read=None, redirect=None, status=None)
DEBUG 2024-11-20 14:48:39,667 retry Converted retries value: 2 -> Retry(total=2, connect=None, read=None, redirect=None, status=None)
DEBUG 2024-11-20 14:49:09,413 retry Converted retries value: 2 -> Retry(total=2, connect=None, read=None, redirect=None, status=None)
DEBUG 2024-11-20 14:49:09,413 retry Converted retries value: 2 -> Retry(total=2, connect=None, read=None, redirect=None, status=None)
DEBUG 2024-11-20 14:49:09,429 retry Converted retries value: 2 -> Retry(total=2, connect=None, read=None, redirect=None, status=None)
DEBUG 2024-11-20 14:49:09,429 retry Converted retries value: 2 -> Retry(total=2, connect=None, read=None, redirect=None, status=None)
DEBUG 2024-11-20 14:49:46,520 retry Converted retries value: 2 -> Retry(total=2, connect=None, read=None, redirect=None, status=None)
DEBUG 2024-11-20 14:49:46,522 retry Converted retries value: 2 -> Retry(total=2, connect=None, read=None, redirect=None, status=None)
DEBUG 2024-11-20 14:49:46,537 retry Converted retries value: 2 -> Retry(total=2, connect=None, read=None, redirect=None, status=None)
DEBUG 2024-11-20 14:49:46,537 retry Converted retries value: 2 -> Retry(total=2, connect=None, read=None, redirect=None, status=None)
DEBUG 2024-11-20 14:52:00,910 retry Converted retries value: 2 -> Retry(total=2, connect=None, read=None, redirect=None, status=None)
DEBUG 2024-11-20 14:52:00,911 retry Converted retries value: 2 -> Retry(total=2, connect=None, read=None, redirect=None, status=None)
DEBUG 2024-11-20 14:52:00,926 retry Converted retries value: 2 -> Retry(total=2, connect=None, read=None, redirect=None, status=None)
DEBUG 2024-11-20 14:52:00,926 retry Converted retries value: 2 -> Retry(total=2, connect=None, read=None, redirect=None, status=None)
DEBUG 2024-11-20 14:52:33,859 retry Converted retries value: 2 -> Retry(total=2, connect=None, read=None, redirect=None, status=None)
DEBUG 2024-11-20 14:52:33,859 retry Converted retries value: 2 -> Retry(total=2, connect=None, read=None, redirect=None, status=None)
DEBUG 2024-11-20 14:52:33,876 retry Converted retries value: 2 -> Retry(total=2, connect=None, read=None, redirect=None, status=None)
DEBUG 2024-11-20 14:52:33,876 retry Converted retries value: 2 -> Retry(total=2, connect=None, read=None, redirect=None, status=None)
DEBUG 2024-11-20 14:53:10,889 retry Converted retries value: 2 -> Retry(total=2, connect=None, read=None, redirect=None, status=None)
DEBUG 2024-11-20 14:53:10,890 retry Converted retries value: 2 -> Retry(total=2, connect=None, read=None, redirect=None, status=None)
DEBUG 2024-11-20 14:53:10,905 retry Converted retries value: 2 -> Retry(total=2, connect=None, read=None, redirect=None, status=None)
DEBUG 2024-11-20 14:53:10,906 retry Converted retries value: 2 -> Retry(total=2, connect=None, read=None, redirect=None, status=None)
DEBUG 2024-11-20 14:54:10,351 retry Converted retries value: 2 -> Retry(total=2, connect=None, read=None, redirect=None, status=None)
DEBUG 2024-11-20 14:54:10,351 retry Converted retries value: 2 -> Retry(total=2, connect=None, read=None, redirect=None, status=None)
DEBUG 2024-11-20 14:54:10,367 retry Converted retries value: 2 -> Retry(total=2, connect=None, read=None, redirect=None, status=None)
DEBUG 2024-11-20 14:54:10,367 retry Converted retries value: 2 -> Retry(total=2, connect=None, read=None, redirect=None, status=None)
DEBUG 2024-11-20 14:55:34,026 retry Converted retries value: 2 -> Retry(total=2, connect=None, read=None, redirect=None, status=None)
DEBUG 2024-11-20 14:55:34,027 retry Converted retries value: 2 -> Retry(total=2, connect=None, read=None, redirect=None, status=None)
DEBUG 2024-11-20 14:55:34,042 retry Converted retries value: 2 -> Retry(total=2, connect=None, read=None, redirect=None, status=None)
DEBUG 2024-11-20 14:55:34,042 retry Converted retries value: 2 -> Retry(total=2, connect=None, read=None, redirect=None, status=None)
DEBUG 2024-11-20 15:21:50,990 retry Converted retries value: 2 -> Retry(total=2, connect=None, read=None, redirect=None, status=None)
DEBUG 2024-11-20 15:21:50,991 retry Converted retries value: 2 -> Retry(total=2, connect=None, read=None, redirect=None, status=None)
DEBUG 2024-11-20 15:21:51,006 retry Converted retries value: 2 -> Retry(total=2, connect=None, read=None, redirect=None, status=None)
DEBUG 2024-11-20 15:21:51,006 retry Converted retries value: 2 -> Retry(total=2, connect=None, read=None, redirect=None, status=None)
DEBUG 2024-11-20 17:15:42,438 retry Converted retries value: 2 -> Retry(total=2, connect=None, read=None, redirect=None, status=None)
DEBUG 2024-11-20 17:15:42,439 retry Converted retries value: 2 -> Retry(total=2, connect=None, read=None, redirect=None, status=None)
DEBUG 2024-11-20 17:15:42,454 retry Converted retries value: 2 -> Retry(total=2, connect=None, read=None, redirect=None, status=None)
DEBUG 2024-11-20 17:15:42,455 retry Converted retries value: 2 -> Retry(total=2, connect=None, read=None, redirect=None, status=None)
DEBUG 2024-11-20 17:18:45,781 retry Converted retries value: 2 -> Retry(total=2, connect=None, read=None, redirect=None, status=None)
DEBUG 2024-11-20 17:18:45,781 retry Converted retries value: 2 -> Retry(total=2, connect=None, read=None, redirect=None, status=None)
DEBUG 2024-11-20 17:18:45,797 retry Converted retries value: 2 -> Retry(total=2, connect=None, read=None, redirect=None, status=None)
DEBUG 2024-11-20 17:18:45,798 retry Converted retries value: 2 -> Retry(total=2, connect=None, read=None, redirect=None, status=None)
DEBUG 2024-11-20 18:11:03,415 retry Converted retries value: 2 -> Retry(total=2, connect=None, read=None, redirect=None, status=None)
DEBUG 2024-11-20 18:11:03,416 retry Converted retries value: 2 -> Retry(total=2, connect=None, read=None, redirect=None, status=None)
DEBUG 2024-11-20 18:11:03,431 retry Converted retries value: 2 -> Retry(total=2, connect=None, read=None, redirect=None, status=None)
DEBUG 2024-11-20 18:11:03,431 retry Converted retries value: 2 -> Retry(total=2, connect=None, read=None, redirect=None, status=None)
DEBUG 2024-11-20 18:12:03,007 retry Converted retries value: 2 -> Retry(total=2, connect=None, read=None, redirect=None, status=None)
DEBUG 2024-11-20 18:12:03,007 retry Converted retries value: 2 -> Retry(total=2, connect=None, read=None, redirect=None, status=None)
DEBUG 2024-11-20 18:12:03,021 retry Converted retries value: 2 -> Retry(total=2, connect=None, read=None, redirect=None, status=None)
DEBUG 2024-11-20 18:12:03,021 retry Converted retries value: 2 -> Retry(total=2, connect=None, read=None, redirect=None, status=None)
DEBUG 2024-11-21 21:45:36,572 retry Converted retries value: 2 -> Retry(total=2, connect=None, read=None, redirect=None, status=None)
DEBUG 2024-11-21 21:45:36,572 retry Converted retries value: 2 -> Retry(total=2, connect=None, read=None, redirect=None, status=None)
DEBUG 2024-11-21 21:45:36,609 retry Converted retries value: 2 -> Retry(total=2, connect=None, read=None, redirect=None, status=None)
DEBUG 2024-11-21 21:45:36,609 retry Converted retries value: 2 -> Retry(total=2, connect=None, read=None, redirect=None, status=None)
DEBUG 2024-11-21 21:54:23,409 retry Converted retries value: 2 -> Retry(total=2, connect=None, read=None, redirect=None, status=None)
DEBUG 2024-11-21 21:54:23,409 retry Converted retries value: 2 -> Retry(total=2, connect=None, read=None, redirect=None, status=None)
DEBUG 2024-11-21 21:54:23,450 retry Converted retries value: 2 -> Retry(total=2, connect=None, read=None, redirect=None, status=None)
DEBUG 2024-11-21 21:54:23,450 retry Converted retries value: 2 -> Retry(total=2, connect=None, read=None, redirect=None, status=None)
DEBUG 2024-11-21 22:09:18,094 retry Converted retries value: 2 -> Retry(total=2, connect=None, read=None, redirect=None, status=None)
DEBUG 2024-11-21 22:09:18,094 retry Converted retries value: 2 -> Retry(total=2, connect=None, read=None, redirect=None, status=None)
DEBUG 2024-11-21 22:09:18,128 retry Converted retries value: 2 -> Retry(total=2, connect=None, read=None, redirect=None, status=None)
DEBUG 2024-11-21 22:09:18,133 retry Converted retries value: 2 -> Retry(total=2, connect=None, read=None, redirect=None, status=None)
DEBUG 2024-11-21 22:12:25,882 retry Converted retries value: 2 -> Retry(total=2, connect=None, read=None, redirect=None, status=None)
DEBUG 2024-11-21 22:12:25,882 retry Converted retries value: 2 -> Retry(total=2, connect=None, read=None, redirect=None, status=None)
DEBUG 2024-11-21 22:12:25,915 retry Converted retries value: 2 -> Retry(total=2, connect=None, read=None, redirect=None, status=None)
DEBUG 2024-11-21 22:12:25,922 retry Converted retries value: 2 -> Retry(total=2, connect=None, read=None, redirect=None, status=None)
DEBUG 2024-11-25 22:43:21,973 retry Converted retries value: 2 -> Retry(total=2, connect=None, read=None, redirect=None, status=None)
DEBUG 2024-11-25 22:43:21,973 retry Converted retries value: 2 -> Retry(total=2, connect=None, read=None, redirect=None, status=None)
DEBUG 2024-11-25 22:43:22,008 retry Converted retries value: 2 -> Retry(total=2, connect=None, read=None, redirect=None, status=None)
DEBUG 2024-11-25 22:43:22,008 retry Converted retries value: 2 -> Retry(total=2, connect=None, read=None, redirect=None, status=None)
DEBUG 2024-11-25 22:43:52,831 retry Converted retries value: 2 -> Retry(total=2, connect=None, read=None, redirect=None, status=None)
DEBUG 2024-11-25 22:43:52,831 retry Converted retries value: 2 -> Retry(total=2, connect=None, read=None, redirect=None, status=None)
DEBUG 2024-11-25 22:43:52,872 retry Converted retries value: 2 -> Retry(total=2, connect=None, read=None, redirect=None, status=None)
DEBUG 2024-11-25 22:43:52,872 retry Converted retries value: 2 -> Retry(total=2, connect=None, read=None, redirect=None, status=None)
DEBUG 2024-11-25 22:52:07,836 retry Converted retries value: 2 -> Retry(total=2, connect=None, read=None, redirect=None, status=None)
DEBUG 2024-11-25 22:52:07,836 retry Converted retries value: 2 -> Retry(total=2, connect=None, read=None, redirect=None, status=None)
DEBUG 2024-11-25 22:52:07,871 retry Converted retries value: 2 -> Retry(total=2, connect=None, read=None, redirect=None, status=None)
DEBUG 2024-11-25 22:52:07,871 retry Converted retries value: 2 -> Retry(total=2, connect=None, read=None, redirect=None, status=None)
DEBUG 2024-11-26 19:31:19,715 retry Converted retries value: 2 -> Retry(total=2, connect=None, read=None, redirect=None, status=None)
DEBUG 2024-11-26 19:31:19,717 retry Converted retries value: 2 -> Retry(total=2, connect=None, read=None, redirect=None, status=None)
DEBUG 2024-11-26 19:31:19,732 retry Converted retries value: 2 -> Retry(total=2, connect=None, read=None, redirect=None, status=None)
DEBUG 2024-11-26 19:31:19,733 retry Converted retries value: 2 -> Retry(total=2, connect=None, read=None, redirect=None, status=None)
DEBUG 2024-11-26 19:31:21,577 win32 Looking up time zone info from registry
INFO 2024-11-26 19:31:21,633 base Adding job tentatively -- it will be properly scheduled when the scheduler starts
INFO 2024-11-26 19:31:21,633 base Added job "generate_and_send_daily_report" to job store "default"
INFO 2024-11-26 19:31:21,634 base Scheduler started
DEBUG 2024-11-26 19:31:21,634 base Looking for jobs to run
DEBUG 2024-11-26 19:31:21,635 base Next wakeup is due at 2024-11-27 17:00:00-05:00 (in 77318.364848 seconds)
DEBUG 2024-11-26 19:39:17,981 retry Converted retries value: 2 -> Retry(total=2, connect=None, read=None, redirect=None, status=None)
DEBUG 2024-11-26 19:39:17,983 retry Converted retries value: 2 -> Retry(total=2, connect=None, read=None, redirect=None, status=None)
DEBUG 2024-11-26 19:39:17,997 retry Converted retries value: 2 -> Retry(total=2, connect=None, read=None, redirect=None, status=None)
DEBUG 2024-11-26 19:39:17,997 retry Converted retries value: 2 -> Retry(total=2, connect=None, read=None, redirect=None, status=None)
DEBUG 2024-11-26 19:39:18,331 win32 Looking up time zone info from registry
INFO 2024-11-26 19:39:18,338 base Adding job tentatively -- it will be properly scheduled when the scheduler starts
INFO 2024-11-26 19:39:18,338 base Added job "generate_and_send_daily_report" to job store "default"
INFO 2024-11-26 19:39:18,339 base Scheduler started
DEBUG 2024-11-26 19:39:18,339 base Looking for jobs to run
DEBUG 2024-11-26 19:39:18,340 base Next wakeup is due at 2024-11-27 17:00:00-05:00 (in 76841.659517 seconds)
DEBUG 2024-11-26 20:04:33,774 retry Converted retries value: 2 -> Retry(total=2, connect=None, read=None, redirect=None, status=None)
DEBUG 2024-11-26 20:04:33,774 retry Converted retries value: 2 -> Retry(total=2, connect=None, read=None, redirect=None, status=None)
DEBUG 2024-11-26 20:04:33,778 retry Converted retries value: 2 -> Retry(total=2, connect=None, read=None, redirect=None, status=None)
DEBUG 2024-11-26 20:04:33,790 retry Converted retries value: 2 -> Retry(total=2, connect=None, read=None, redirect=None, status=None)
DEBUG 2024-11-26 20:04:34,134 win32 Looking up time zone info from registry
INFO 2024-11-26 20:04:34,140 base Adding job tentatively -- it will be properly scheduled when the scheduler starts
INFO 2024-11-26 20:04:34,140 base Added job "generate_and_send_daily_report" to job store "default"
INFO 2024-11-26 20:04:34,140 base Scheduler started
DEBUG 2024-11-26 20:04:34,144 base Looking for jobs to run
DEBUG 2024-11-26 20:04:34,145 base Next wakeup is due at 2024-11-27 17:00:00-05:00 (in 75325.854304 seconds)
DEBUG 2024-11-27 22:17:11,322 retry Converted retries value: 2 -> Retry(total=2, connect=None, read=None, redirect=None, status=None)
DEBUG 2024-11-27 22:17:11,322 retry Converted retries value: 2 -> Retry(total=2, connect=None, read=None, redirect=None, status=None)
DEBUG 2024-11-27 22:17:11,357 retry Converted retries value: 2 -> Retry(total=2, connect=None, read=None, redirect=None, status=None)
DEBUG 2024-11-27 22:17:11,357 retry Converted retries value: 2 -> Retry(total=2, connect=None, read=None, redirect=None, status=None)
DEBUG 2024-11-27 22:17:13,865 win32 Looking up time zone info from registry
INFO 2024-11-27 22:17:13,949 base Adding job tentatively -- it will be properly scheduled when the scheduler starts
INFO 2024-11-27 22:17:13,949 base Added job "generate_and_send_daily_report" to job store "default"
INFO 2024-11-27 22:17:13,949 base Scheduler started
DEBUG 2024-11-27 22:17:13,949 base Looking for jobs to run
DEBUG 2024-11-27 22:17:13,949 base Next wakeup is due at 2024-11-28 17:00:00-05:00 (in 67366.050826 seconds)
